-----------------------------------------------------------------------------------------------------------------
 A* Pathfinding Log 
 Wed Sep 04 16:22:47 CEST 2019
-----------------------------------------------------------------------------------------------------------------
 OS - Name         = Windows 10
 OS - Architecture = amd64
 OS - Version      = 10.0
 Java Home         = D:\Program Files\Java\jdk-11.0.2
 Java Classpath    = D:\Development\Github\a-star-pathfinder\target\classes;C:\Users\Stephen\.m2\repository\org\jogamp\gluegen\gluegen-rt-main\2.3.1\gluegen-rt-main-2.3.1.jar;C:\Users\Stephen\.m2\repository\org\jogamp\gluegen\gluegen-rt\2.3.1\gluegen-rt-2.3.1.jar;C:\Users\Stephen\.m2\repository\org\jogamp\gluegen\gluegen-rt\2.3.1\gluegen-rt-2.3.1-natives-android-aarch64.jar;C:\Users\Stephen\.m2\repository\org\jogamp\gluegen\gluegen-rt\2.3.1\gluegen-rt-2.3.1-natives-android-armv6.jar;C:\Users\Stephen\.m2\repository\org\jogamp\gluegen\gluegen-rt\2.3.1\gluegen-rt-2.3.1-natives-linux-amd64.jar;C:\Users\Stephen\.m2\repository\org\jogamp\gluegen\gluegen-rt\2.3.1\gluegen-rt-2.3.1-natives-linux-armv6.jar;C:\Users\Stephen\.m2\repository\org\jogamp\gluegen\gluegen-rt\2.3.1\gluegen-rt-2.3.1-natives-linux-armv6hf.jar;C:\Users\Stephen\.m2\repository\org\jogamp\gluegen\gluegen-rt\2.3.1\gluegen-rt-2.3.1-natives-linux-i586.jar;C:\Users\Stephen\.m2\repository\org\jogamp\gluegen\gluegen-rt\2.3.1\gluegen-rt-2.3.1-natives-macosx-universal.jar;C:\Users\Stephen\.m2\repository\org\jogamp\gluegen\gluegen-rt\2.3.1\gluegen-rt-2.3.1-natives-solaris-amd64.jar;C:\Users\Stephen\.m2\repository\org\jogamp\gluegen\gluegen-rt\2.3.1\gluegen-rt-2.3.1-natives-solaris-i586.jar;C:\Users\Stephen\.m2\repository\org\jogamp\gluegen\gluegen-rt\2.3.1\gluegen-rt-2.3.1-natives-windows-amd64.jar;C:\Users\Stephen\.m2\repository\org\jogamp\gluegen\gluegen-rt\2.3.1\gluegen-rt-2.3.1-natives-windows-i586.jar;C:\Users\Stephen\.m2\repository\org\jogamp\jogl\jogl-all-main\2.3.1\jogl-all-main-2.3.1.jar;C:\Users\Stephen\.m2\repository\org\jogamp\jogl\jogl-all\2.3.1\jogl-all-2.3.1.jar;C:\Users\Stephen\.m2\repository\org\jogamp\jogl\jogl-all\2.3.1\jogl-all-2.3.1-natives-android-aarch64.jar;C:\Users\Stephen\.m2\repository\org\jogamp\jogl\jogl-all\2.3.1\jogl-all-2.3.1-natives-android-armv6.jar;C:\Users\Stephen\.m2\repository\org\jogamp\jogl\jogl-all\2.3.1\jogl-all-2.3.1-natives-linux-amd64.jar;C:\Users\Stephen\.m2\repository\org\jogamp\jogl\jogl-all\2.3.1\jogl-all-2.3.1-natives-linux-armv6.jar;C:\Users\Stephen\.m2\repository\org\jogamp\jogl\jogl-all\2.3.1\jogl-all-2.3.1-natives-linux-armv6hf.jar;C:\Users\Stephen\.m2\repository\org\jogamp\jogl\jogl-all\2.3.1\jogl-all-2.3.1-natives-linux-i586.jar;C:\Users\Stephen\.m2\repository\org\jogamp\jogl\jogl-all\2.3.1\jogl-all-2.3.1-natives-macosx-universal.jar;C:\Users\Stephen\.m2\repository\org\jogamp\jogl\jogl-all\2.3.1\jogl-all-2.3.1-natives-solaris-amd64.jar;C:\Users\Stephen\.m2\repository\org\jogamp\jogl\jogl-all\2.3.1\jogl-all-2.3.1-natives-solaris-i586.jar;C:\Users\Stephen\.m2\repository\org\jogamp\jogl\jogl-all\2.3.1\jogl-all-2.3.1-natives-windows-amd64.jar;C:\Users\Stephen\.m2\repository\org\jogamp\jogl\jogl-all\2.3.1\jogl-all-2.3.1-natives-windows-i586.jar;C:\Users\Stephen\.m2\repository\com\jidesoft\jide-oss\3.6.18\jide-oss-3.6.18.jar;C:\Users\Stephen\.m2\repository\org\swinglabs\swingx\1.6.1\swingx-1.6.1.jar;C:\Users\Stephen\.m2\repository\com\jhlabs\filters\2.0.235\filters-2.0.235.jar;C:\Users\Stephen\.m2\repository\org\swinglabs\swing-worker\1.1\swing-worker-1.1.jar
 Java Library Path = D:\Program Files\Java\jdk-11.0.2\bin;C:\WINDOWS\Sun\Java\bin;C:\WINDOWS\system32;C:\WINDOWS;C:\Program Files (x86)\Common Files\Oracle\Java\javapath;D:\Program Files (x86)\Embarcadero\RAD Studio\9.0\bin;C:\Users\Public\Documents\RAD Studio\9.0\Bpl;D:\Program Files (x86)\Embarcadero\RAD Studio\9.0\bin64;C:\Users\Public\Documents\RAD Studio\9.0\Bpl\Win64;C:\Program Files (x86)\Intel\iCLS Client\;C:\Program Files\Intel\iCLS Client\;C:\WINDOWS\system32;C:\WINDOWS;C:\WINDOWS\System32\Wbem;C:\WINDOWS\System32\WindowsPowerShell\v1.0\;C:\Program Files\Intel\WiFi\bin\;C:\Program Files\Common Files\Intel\WirelessCommon\;D:\Program Files (x86)\Apache\apache-maven-3.3.9\bin;C:\Program Files (x86)\PuTTY\;D:\Program Files (x86)\GtkSharp\2.12\bin;D:\Program Files\TortoiseSVN\bin;C:\Program Files (x86)\DevExpress VCL\Library\RS16;C:\Program Files (x86)\DevExpress VCL\Library\RS16\Win64;C:\WINDOWS\System32\OpenSSH\;D:\Program Files\Git\cmd;D:\Program Files (x86)\Microsoft VS Code\bin;C:\Program Files (x86)\NVIDIA Corporation\PhysX\Common;C:\WINDOWS\system32;C:\WINDOWS;C:\WINDOWS\System32\Wbem;C:\WINDOWS\System32\WindowsPowerShell\v1.0\;C:\WINDOWS\System32\OpenSSH\;C:\Program Files (x86)\Intel\Intel(R) Management Engine Components\DAL;C:\Program Files\Intel\Intel(R) Management Engine Components\DAL;C:\Program Files (x86)\Intel\Intel(R) Management Engine Components\IPT;C:\Program Files\Intel\Intel(R) Management Engine Components\IPT;C:\Users\Stephen\.cargo\bin;C:\Users\Stephen\AppData\Local\Programs\Python\Python36\Scripts\;C:\Users\Stephen\AppData\Local\Programs\Python\Python36\;C:\Users\Stephen\AppData\Local\Microsoft\WindowsApps;D:\Program Files (x86)\Microsoft VS Code\bin;D:\Development\Gradle\gradle-4.2\bin;C:\Users\Stephen\AppData\Local\Microsoft\WindowsApps;D:\Users\Stephen\AppData\Local\Programs\Microsoft VS Code\bin;C:\Program Files\Intel\WiFi\bin\;C:\Program Files\Common Files\Intel\WirelessCommon\;.
 JRE - Vendor      = Oracle Corporation
 JRE - Version     = 11.0.2
 JVM - Name        = Java HotSpot(TM) 64-Bit Server VM
 JVM - Vendor      = Oracle Corporation
 JVM - Version     = 11.0.2+9-LTS
 Working Directory = D:\Development\Github\a-star-pathfinder
 User Name         = Stephen
-----------------------------------------------------------------------------------------------------------------


Resized to 624x372
Resized to 624x372
Opening: D:\Development\Github\a-star-pathfinder\Application\Grids\15x20 Concave.xml
